<?xml version="1.0" encoding="UTF-8"?>
<!-- Generated by org.testng.reporters.JUnitXMLReporter -->
<testsuite hostname="LAPTOP-E6OV7C2M" name="Default test" tests="4" failures="0" timestamp="16 Nov 2020 06:35:19 GMT" time="9.664" errors="0">
  <testcase name="verifyResponseWithoutKey" time="1.924" classname="APIAutomation.TestCaseAPI"/>
  <testcase name="registerStations" time="1.055" classname="APIAutomation.TestCaseAPI"/>
  <testcase name="getStations" time="3.003" classname="APIAutomation.TestCaseAPI"/>
  <testcase name="deleteStationsAndVerify" time="3.653" classname="APIAutomation.TestCaseAPI"/>
</testsuite> <!-- Default test -->
