<?xml version="1.0" encoding="UTF-8"?>
<testng-results skipped="0" failed="0" total="4" passed="4">
  <reporter-output>
  </reporter-output>
  <suite name="Default suite" duration-ms="9664" started-at="2020-11-16T06:35:09Z" finished-at="2020-11-16T06:35:19Z">
    <groups>
    </groups>
    <test name="Default test" duration-ms="9664" started-at="2020-11-16T06:35:09Z" finished-at="2020-11-16T06:35:19Z">
      <class name="APIAutomation.TestCaseAPI">
        <test-method status="PASS" signature="verifyResponseWithoutKey()[pri:1, instance:APIAutomation.TestCaseAPI@5b275dab]" name="verifyResponseWithoutKey" duration-ms="1924" started-at="2020-11-16T12:05:09Z" finished-at="2020-11-16T12:05:11Z">
          <reporter-output>
          </reporter-output>
        </test-method> <!-- verifyResponseWithoutKey -->
        <test-method status="PASS" signature="registerStations()[pri:2, instance:APIAutomation.TestCaseAPI@5b275dab]" name="registerStations" duration-ms="1055" started-at="2020-11-16T12:05:11Z" finished-at="2020-11-16T12:05:12Z">
          <reporter-output>
          </reporter-output>
        </test-method> <!-- registerStations -->
        <test-method status="PASS" signature="getStations()[pri:3, instance:APIAutomation.TestCaseAPI@5b275dab]" name="getStations" duration-ms="3003" started-at="2020-11-16T12:05:12Z" finished-at="2020-11-16T12:05:15Z">
          <reporter-output>
          </reporter-output>
        </test-method> <!-- getStations -->
        <test-method status="PASS" signature="deleteStationsAndVerify()[pri:4, instance:APIAutomation.TestCaseAPI@5b275dab]" name="deleteStationsAndVerify" duration-ms="3653" started-at="2020-11-16T12:05:15Z" finished-at="2020-11-16T12:05:19Z">
          <reporter-output>
          </reporter-output>
        </test-method> <!-- deleteStationsAndVerify -->
      </class> <!-- APIAutomation.TestCaseAPI -->
    </test> <!-- Default test -->
  </suite> <!-- Default suite -->
</testng-results>
